0 info it worked if it ends with ok
1 verbose cli [ 'E:\\software\\node-v6.10.0\\node.exe',
1 verbose cli   'E:\\software\\node-v6.10.0\\node_modules\\npm\\bin\\npm-cli.js',
1 verbose cli   'start' ]
2 info using npm@3.10.10
3 info using node@v6.10.0
4 verbose run-script [ 'prestart', 'start', 'poststart' ]
5 info lifecycle webpack-react@1.0.0~prestart: webpack-react@1.0.0
6 silly lifecycle webpack-react@1.0.0~prestart: no script for prestart, continuing
7 info lifecycle webpack-react@1.0.0~start: webpack-react@1.0.0
8 verbose lifecycle webpack-react@1.0.0~start: unsafe-perm in lifecycle true
9 verbose lifecycle webpack-react@1.0.0~start: PATH: E:\software\node-v6.10.0\node_modules\npm\bin\node-gyp-bin;E:\HBuilder\webpack-react\node_modules\.bin;E:\software\gradle-2.11\bin;C:\Program Files\Java\jdk1.7.0_80\bin;C:\Program Files\Java\jdk1.7.0_80\jre\bin;C:\Program Files (x86)\Intel\iCLS Client\;C:\Program Files\Intel\iCLS Client\;C:\Windows\system32;C:\Windows;C:\Windows\System32\Wbem;C:\Windows\System32\WindowsPowerShell\v1.0\;C:\Program Files\Intel\Intel(R) Management Engine Components\DAL;C:\Program Files (x86)\Intel\Intel(R) Management Engine Components\DAL;C:\Program Files\Intel\Intel(R) Management Engine Components\IPT;C:\Program Files (x86)\Intel\Intel(R) Management Engine Components\IPT;C:\Program Files (x86)\NVIDIA Corporation\PhysX\Common;C:\Program Files\Intel\WiFi\bin\;C:\Program Files\Common Files\Intel\WirelessCommon\;C:\Program Files\Lenovo\Fingerprint Manager Pro\;C:\Program Files (x86)\Common Files\Lenovo;C:\ProgramData\Lenovo\ReadyApps;E:\software\Git\cmd;E:\software\TortiseGit1.8.5.0\bin;E:\software\apache-maven-3.5.0\bin;E:\software\node-v6.10.0
10 verbose lifecycle webpack-react@1.0.0~start: CWD: E:\HBuilder\webpack-react
11 silly lifecycle webpack-react@1.0.0~start: Args: [ '/d /s /c', 'webpack-dev-server --hot --progress --colors' ]
12 silly lifecycle webpack-react@1.0.0~start: Returned: code: 1  signal: null
13 info lifecycle webpack-react@1.0.0~start: Failed to exec start script
14 verbose stack Error: webpack-react@1.0.0 start: `webpack-dev-server --hot --progress --colors`
14 verbose stack Exit status 1
14 verbose stack     at EventEmitter.<anonymous> (E:\software\node-v6.10.0\node_modules\npm\lib\utils\lifecycle.js:255:16)
14 verbose stack     at emitTwo (events.js:106:13)
14 verbose stack     at EventEmitter.emit (events.js:191:7)
14 verbose stack     at ChildProcess.<anonymous> (E:\software\node-v6.10.0\node_modules\npm\lib\utils\spawn.js:40:14)
14 verbose stack     at emitTwo (events.js:106:13)
14 verbose stack     at ChildProcess.emit (events.js:191:7)
14 verbose stack     at maybeClose (internal/child_process.js:877:16)
14 verbose stack     at Process.ChildProcess._handle.onexit (internal/child_process.js:226:5)
15 verbose pkgid webpack-react@1.0.0
16 verbose cwd E:\HBuilder\webpack-react
17 error Windows_NT 6.1.7601
18 error argv "E:\\software\\node-v6.10.0\\node.exe" "E:\\software\\node-v6.10.0\\node_modules\\npm\\bin\\npm-cli.js" "start"
19 error node v6.10.0
20 error npm  v3.10.10
21 error code ELIFECYCLE
22 error webpack-react@1.0.0 start: `webpack-dev-server --hot --progress --colors`
22 error Exit status 1
23 error Failed at the webpack-react@1.0.0 start script 'webpack-dev-server --hot --progress --colors'.
23 error Make sure you have the latest version of node.js and npm installed.
23 error If you do, this is most likely a problem with the webpack-react package,
23 error not with npm itself.
23 error Tell the author that this fails on your system:
23 error     webpack-dev-server --hot --progress --colors
23 error You can get information on how to open an issue for this project with:
23 error     npm bugs webpack-react
23 error Or if that isn't available, you can get their info via:
23 error     npm owner ls webpack-react
23 error There is likely additional logging output above.
24 verbose exit [ 1, true ]
